[INFO] Scanning for projects...
[INFO]
[INFO] ------------------------------------------------------------------------
[INFO] Building sample 1.0-SNAPSHOT
[INFO] ------------------------------------------------------------------------
[INFO]
[INFO] --- maven-clean-plugin:2.5:clean (default-clean) @ sample ---
[INFO]
[INFO] --- maven-resources-plugin:2.6:resources (default-resources) @ sample ---
[WARNING] Using platform encoding (UTF-8 actually) to copy filtered resources, i.e. build is platform dependent!
[INFO] skip non existing resourceDirectory /Users/pedroalves/projects/Lusofona/DropProject/DropProject/mavenized-projects-test/projectUnexpectedCharacter-mavenized/src/main/resources
[INFO]
[INFO] --- maven-compiler-plugin:3.1:compile (default-compile) @ sample ---
[INFO] Changes detected - recompiling the module!
[WARNING] File encoding has not been set, using platform encoding UTF-8, i.e. build is platform dependent!
[INFO] Compiling 1 source file to /Users/pedroalves/projects/Lusofona/DropProject/DropProject/mavenized-projects-test/projectUnexpectedCharacter-mavenized/target/classes
[INFO] -------------------------------------------------------------
[ERROR] COMPILATION ERROR :
[INFO] -------------------------------------------------------------
[ERROR] /Users/pedroalves/projects/Lusofona/DropProject/DropProject/mavenized-projects-test/projectUnexpectedCharacter-mavenized/src/main/java/pt/ulusofona/deisi/testProj/Main.java:[1,1] illegal character: &#39;\ufeff&#39;
[ERROR] /Users/pedroalves/projects/Lusofona/DropProject/DropProject/mavenized-projects-test/projectUnexpectedCharacter-mavenized/src/main/java/pt/ulusofona/deisi/testProj/Main.java:[1,10] class, interface, or enum expected
[INFO] 2 errors
[INFO] -------------------------------------------------------------
[INFO] ------------------------------------------------------------------------
[INFO] BUILD FAILURE
[INFO] ------------------------------------------------------------------------
[INFO] Total time: 1.537 s
[INFO] Finished at: 2018-10-30T09:42:31+00:00
[INFO] Final Memory: 9M/155M
[INFO] ------------------------------------------------------------------------
[ERROR] Failed to execute goal org.apache.maven.plugins:maven-compiler-plugin:3.1:compile (default-compile) on project sample: Compilation failure: Compilation failure:
[ERROR] /Users/pedroalves/projects/Lusofona/DropProject/DropProject/mavenized-projects-test/projectUnexpectedCharacter-mavenized/src/main/java/pt/ulusofona/deisi/testProj/Main.java:[1,1] illegal character: &#39;\ufeff&#39;
[ERROR] /Users/pedroalves/projects/Lusofona/DropProject/DropProject/mavenized-projects-test/projectUnexpectedCharacter-mavenized/src/main/java/pt/ulusofona/deisi/testProj/Main.java:[1,10] class, interface, or enum expected
[ERROR] -&gt; [Help 1]
[ERROR]
[ERROR] To see the full stack trace of the errors, re-run Maven with the -e switch.
[ERROR] Re-run Maven using the -X switch to enable full debug logging.
[ERROR]
[ERROR] For more information about the errors and possible solutions, please read the following articles:
[ERROR] [Help 1] http://cwiki.apache.org/confluence/display/MAVEN/MojoFailureException