[INFO] Scanning for projects...
[INFO]
[INFO] --------< org.dropProject:fp-miniteste-exemplo >---------
[INFO] Building fp-miniteste-exemplo 1.0-SNAPSHOT
[INFO] --------------------------------[ jar ]---------------------------------
[INFO]
[INFO] --- maven-clean-plugin:2.5:clean (default-clean) @ fp-miniteste-exemplo ---
[INFO]
[INFO] --- maven-resources-plugin:2.6:resources (default-resources) @ fp-miniteste-exemplo ---
[INFO] Using 'UTF-8' encoding to copy filtered resources.
[INFO] skip non existing resourceDirectory /srv/drop-project/mavenized-projects/1540768632768-fp-miniteste-exemplo-mavenized/src/main/resources
[INFO]
[INFO] --- maven-compiler-plugin:3.1:compile (default-compile) @ fp-miniteste-exemplo ---
[INFO] Nothing to compile - all classes are up to date
[INFO]
[INFO] --- kotlin-maven-plugin:1.2.71:compile (compile) @ fp-miniteste-exemplo ---
[INFO]
[INFO] --- maven-resources-plugin:2.6:resources (default-resources) @ fp-miniteste-exemplo ---
[INFO] Using 'UTF-8' encoding to copy filtered resources.
[INFO] skip non existing resourceDirectory /srv/drop-project/mavenized-projects/1540768632768-fp-miniteste-exemplo-mavenized/src/main/resources
[INFO]
[INFO] --- maven-compiler-plugin:3.1:compile (default-compile) @ fp-miniteste-exemplo ---
[INFO] Nothing to compile - all classes are up to date
[INFO]
[INFO] --- kotlin-maven-plugin:1.2.71:compile (compile) @ fp-miniteste-exemplo ---
[INFO]
[INFO] --- maven-resources-plugin:2.6:testResources (default-testResources) @ fp-miniteste-exemplo ---
[INFO] Using 'UTF-8' encoding to copy filtered resources.
[INFO] skip non existing resourceDirectory /srv/drop-project/mavenized-projects/1540768632768-fp-miniteste-exemplo-mavenized/src/test/resources
[INFO]
[INFO] --- maven-compiler-plugin:3.1:testCompile (default-testCompile) @ fp-miniteste-exemplo ---
[INFO] Nothing to compile - all classes are up to date
[INFO]
[INFO] --- kotlin-maven-plugin:1.2.71:test-compile (test-compile) @ fp-miniteste-exemplo ---
[INFO]
[INFO] --- maven-surefire-plugin:2.12.4:test (default-test) @ fp-miniteste-exemplo ---
[INFO] Surefire report directory: /srv/drop-project/mavenized-projects/1540768632768-fp-miniteste-exemplo-mavenized/target/surefire-reports

-------------------------------------------------------
 T E S T S
-------------------------------------------------------
Running TestProject
Tests run: 1, Failures: 1, Errors: 0, Skipped: 0, Time elapsed: 0.064 sec <<< FAILURE!
testNumeroAluno(TestProject)  Time elapsed: 0.044 sec  <<< FAILURE!
java.lang.AssertionError:
Expected: one of {"O meu numero: p5653\n", "O meu numero: p5653"}
     but: was "O meu numero: p9999\n"
	at org.hamcrest.MatcherAssert.assertThat(MatcherAssert.java:20)
	at org.junit.Assert.assertThat(Assert.java:956)
	at org.junit.Assert.assertThat(Assert.java:923)
	at TestProject.testNumeroAluno(TestProject.kt:35)
	at sun.reflect.NativeMethodAccessorImpl.invoke0(Native Method)
	at sun.reflect.NativeMethodAccessorImpl.invoke(NativeMethodAccessorImpl.java:62)
	at sun.reflect.DelegatingMethodAccessorImpl.invoke(DelegatingMethodAccessorImpl.java:43)
	at java.lang.reflect.Method.invoke(Method.java:498)
	at org.junit.runners.model.FrameworkMethod$1.runReflectiveCall(FrameworkMethod.java:50)
	at org.junit.internal.runners.model.ReflectiveCallable.run(ReflectiveCallable.java:12)
	at org.junit.runners.model.FrameworkMethod.invokeExplosively(FrameworkMethod.java:47)
	at org.junit.internal.runners.statements.InvokeMethod.evaluate(InvokeMethod.java:17)
	at org.junit.internal.runners.statements.RunBefores.evaluate(RunBefores.java:26)
	at org.junit.internal.runners.statements.RunAfters.evaluate(RunAfters.java:27)
	at org.junit.runners.ParentRunner.runLeaf(ParentRunner.java:325)
	at org.junit.runners.BlockJUnit4ClassRunner.runChild(BlockJUnit4ClassRunner.java:78)
	at org.junit.runners.BlockJUnit4ClassRunner.runChild(BlockJUnit4ClassRunner.java:57)
	at org.junit.runners.ParentRunner$3.run(ParentRunner.java:290)
	at org.junit.runners.ParentRunner$1.schedule(ParentRunner.java:71)
	at org.junit.runners.ParentRunner.runChildren(ParentRunner.java:288)
	at org.junit.runners.ParentRunner.access$000(ParentRunner.java:58)
	at org.junit.runners.ParentRunner$2.evaluate(ParentRunner.java:268)
	at org.junit.runners.ParentRunner.run(ParentRunner.java:363)
	at org.apache.maven.surefire.junit4.JUnit4Provider.execute(JUnit4Provider.java:252)
	at org.apache.maven.surefire.junit4.JUnit4Provider.executeTestSet(JUnit4Provider.java:141)
	at org.apache.maven.surefire.junit4.JUnit4Provider.invoke(JUnit4Provider.java:112)
	at sun.reflect.NativeMethodAccessorImpl.invoke0(Native Method)
	at sun.reflect.NativeMethodAccessorImpl.invoke(NativeMethodAccessorImpl.java:62)
	at sun.reflect.DelegatingMethodAccessorImpl.invoke(DelegatingMethodAccessorImpl.java:43)
	at java.lang.reflect.Method.invoke(Method.java:498)
	at org.apache.maven.surefire.util.ReflectionUtils.invokeMethodWithArray(ReflectionUtils.java:189)
	at org.apache.maven.surefire.booter.ProviderFactory$ProviderProxy.invoke(ProviderFactory.java:165)
	at org.apache.maven.surefire.booter.ProviderFactory.invokeProvider(ProviderFactory.java:85)
	at org.apache.maven.surefire.booter.ForkedBooter.runSuitesInProcess(ForkedBooter.java:115)
	at org.apache.maven.surefire.booter.ForkedBooter.main(ForkedBooter.java:75)


Results :

Failed tests:   testNumeroAluno(TestProject): (..)

Tests run: 1, Failures: 1, Errors: 0, Skipped: 0

[INFO] ------------------------------------------------------------------------
[INFO] BUILD FAILURE
[INFO] ------------------------------------------------------------------------
[INFO] Total time: 7.447 s
[INFO] Finished at: 2018-10-28T23:17:21Z
[INFO] ------------------------------------------------------------------------
[ERROR] Failed to execute goal org.apache.maven.plugins:maven-surefire-plugin:2.12.4:test (default-test) on project fp-miniteste-exemplo: There are test failures.
[ERROR]
[ERROR] Please refer to /srv/drop-project/mavenized-projects/1540768632768-fp-miniteste-exemplo-mavenized/target/surefire-reports for the individual test results.
[ERROR] -> [Help 1]
[ERROR]
[ERROR] To see the full stack trace of the errors, re-run Maven with the -e switch.
[ERROR] Re-run Maven using the -X switch to enable full debug logging.
[ERROR]
[ERROR] For more information about the errors and possible solutions, please read the following articles:
[ERROR] [Help 1] http://cwiki.apache.org/confluence/display/MAVEN/MojoFailureException